Using pre-set license
Built from '2021.3/staging' branch; Version is '2021.3.16f1 (4016570cf34f) revision 4200023'; Using compiler version '192829333'; Build Type 'Release'
OS: 'Windows 10  (10.0.19045) 64bit Education' Language: 'en' Physical Memory: 32688 MB
BatchMode: 1, IsHumanControllingUs: 0, StartBugReporterOnCrash: 0, Is64bit: 1, IsPro: 1

COMMAND LINE ARGUMENTS:
C:\Program Files\Unity\Hub\Editor\2021.3.16f1\Editor\Unity.exe
-adb2
-batchMode
-noUpm
-name
AssetImportWorker4
-projectPath
C:/Users/Bailey/Documents/GitHub/maze_game/maze_game
-logFile
Logs/AssetImportWorker4.log
-srvPort
50878
Successfully changed project path to: C:/Users/Bailey/Documents/GitHub/maze_game/maze_game
C:/Users/Bailey/Documents/GitHub/maze_game/maze_game
[UnityMemory] Configuration Parameters - Can be set up in boot.config
    "memorysetup-bucket-allocator-granularity=16"
    "memorysetup-bucket-allocator-bucket-count=8"
    "memorysetup-bucket-allocator-block-size=33554432"
    "memorysetup-bucket-allocator-block-count=8"
    "memorysetup-main-allocator-block-size=16777216"
    "memorysetup-thread-allocator-block-size=16777216"
    "memorysetup-gfx-main-allocator-block-size=16777216"
    "memorysetup-gfx-thread-allocator-block-size=16777216"
    "memorysetup-cache-allocator-block-size=4194304"
    "memorysetup-typetree-allocator-block-size=2097152"
    "memorysetup-profiler-bucket-allocator-granularity=16"
    "memorysetup-profiler-bucket-allocator-bucket-count=8"
    "memorysetup-profiler-bucket-allocator-block-size=33554432"
    "memorysetup-profiler-bucket-allocator-block-count=8"
    "memorysetup-profiler-allocator-block-size=16777216"
    "memorysetup-profiler-editor-allocator-block-size=1048576"
    "memorysetup-temp-allocator-size-main=16777216"
    "memorysetup-job-temp-allocator-block-size=2097152"
    "memorysetup-job-temp-allocator-block-size-background=1048576"
    "memorysetup-job-temp-allocator-reduction-small-platforms=262144"
    "memorysetup-temp-allocator-size-background-worker=32768"
    "memorysetup-temp-allocator-size-job-worker=262144"
    "memorysetup-temp-allocator-size-preload-manager=33554432"
    "memorysetup-temp-allocator-size-nav-mesh-worker=65536"
    "memorysetup-temp-allocator-size-audio-worker=65536"
    "memorysetup-temp-allocator-size-cloud-worker=32768"
    "memorysetup-temp-allocator-size-gi-baking-worker=262144"
    "memorysetup-temp-allocator-size-gfx=262144"
Player connection [18524] Host "[IP] 192.168.56.1 [Port] 0 [Flags] 2 [Guid] 3627295968 [EditorId] 3627295968 [Version] 1048832 [Id] WindowsEditor(7,DESKTOP-B4ADQ9E) [Debug] 1 [PackageName] WindowsEditor [ProjectName] Editor" joined multi-casting on [225.0.0.222:54997]...

Player connection [18524] Host "[IP] 192.168.56.1 [Port] 0 [Flags] 2 [Guid] 3627295968 [EditorId] 3627295968 [Version] 1048832 [Id] WindowsEditor(7,DESKTOP-B4ADQ9E) [Debug] 1 [PackageName] WindowsEditor [ProjectName] Editor" joined alternative multi-casting on [225.0.0.222:34997]...

Refreshing native plugins compatible for Editor in 67.32 ms, found 3 plugins.
Preloading 0 native plugins for Editor in 0.00 ms.
Initialize engine version: 2021.3.16f1 (4016570cf34f)
[Subsystems] Discovering subsystems at path C:/Program Files/Unity/Hub/Editor/2021.3.16f1/Editor/Data/Resources/UnitySubsystems
[Subsystems] Discovering subsystems at path C:/Users/Bailey/Documents/GitHub/maze_game/maze_game/Assets
GfxDevice: creating device client; threaded=0; jobified=0
Direct3D:
    Version:  Direct3D 11.0 [level 11.1]
    Renderer: NVIDIA GeForce RTX 3060 (ID=0x2487)
    Vendor:   NVIDIA
    VRAM:     12138 MB
    Driver:   30.0.14.7288
Initialize mono
Mono path[0] = 'C:/Program Files/Unity/Hub/Editor/2021.3.16f1/Editor/Data/Managed'
Mono path[1] = 'C:/Program Files/Unity/Hub/Editor/2021.3.16f1/Editor/Data/MonoBleedingEdge/lib/mono/unityjit-win32'
Mono config path = 'C:/Program Files/Unity/Hub/Editor/2021.3.16f1/Editor/Data/MonoBleedingEdge/etc'
Using monoOptions --debugger-agent=transport=dt_socket,embedding=1,server=y,suspend=n,address=127.0.0.1:56928
Begin MonoManager ReloadAssembly
Registering precompiled unity dll's ...
Register platform support module: C:/Program Files/Unity/Hub/Editor/2021.3.16f1/Editor/Data/PlaybackEngines/WebGLSupport/UnityEditor.WebGL.Extensions.dll
Register platform support module: C:/Program Files/Unity/Hub/Editor/2021.3.16f1/Editor/Data/PlaybackEngines/WindowsStandaloneSupport/UnityEditor.WindowsStandalone.Extensions.dll
Registered in 0.005647 seconds.
Native extension for WindowsStandalone target not found
Native extension for WebGL target not found
Refreshing native plugins compatible for Editor in 63.04 ms, found 3 plugins.
Preloading 0 native plugins for Editor in 0.00 ms.
Mono: successfully reloaded assembly
- Completed reload, in  0.487 seconds
Domain Reload Profiling:
	ReloadAssembly (488ms)
		BeginReloadAssembly (55ms)
			ExecutionOrderSort (0ms)
			DisableScriptedObjects (0ms)
			BackupInstance (0ms)
			ReleaseScriptingObjects (0ms)
			CreateAndSetChildDomain (1ms)
		EndReloadAssembly (349ms)
			LoadAssemblies (53ms)
			RebuildTransferFunctionScriptingTraits (0ms)
			SetupTypeCache (78ms)
			ReleaseScriptCaches (0ms)
			RebuildScriptCaches (21ms)
			SetupLoadedEditorAssemblies (212ms)
				LogAssemblyErrors (0ms)
				InitializePlatformSupportModulesInManaged (7ms)
				SetLoadedEditorAssemblies (0ms)
				RefreshPlugins (63ms)
				BeforeProcessingInitializeOnLoad (1ms)
				ProcessInitializeOnLoadAttributes (107ms)
				ProcessInitializeOnLoadMethodAttributes (34ms)
				AfterProcessingInitializeOnLoad (0ms)
				EditorAssembliesLoaded (0ms)
			ExecutionOrderSort2 (0ms)
			AwakeInstancesAfterBackupRestoration (0ms)
Platform modules already initialized, skipping
Registering precompiled user dll's ...
Registered in 0.004270 seconds.
Begin MonoManager ReloadAssembly
Symbol file LoadedFromMemory doesn't match image C:\Users\Bailey\Documents\GitHub\maze_game\maze_game\Library\PackageCache\com.unity.visualscripting@1.7.8\Editor\VisualScripting.Core\Dependencies\YamlDotNet\Unity.VisualScripting.YamlDotNet.dll
Symbol file LoadedFromMemory doesn't match image C:\Users\Bailey\Documents\GitHub\maze_game\maze_game\Library\PackageCache\com.unity.visualscripting@1.7.8\Editor\VisualScripting.Core\Dependencies\DotNetZip\Unity.VisualScripting.IonicZip.dll
Native extension for WindowsStandalone target not found
Native extension for WebGL target not found
Refreshing native plugins compatible for Editor in 0.50 ms, found 3 plugins.
Preloading 0 native plugins for Editor in 0.00 ms.
Mono: successfully reloaded assembly
- Completed reload, in  0.778 seconds
Domain Reload Profiling:
	ReloadAssembly (779ms)
		BeginReloadAssembly (82ms)
			ExecutionOrderSort (0ms)
			DisableScriptedObjects (5ms)
			BackupInstance (0ms)
			ReleaseScriptingObjects (0ms)
			CreateAndSetChildDomain (13ms)
		EndReloadAssembly (609ms)
			LoadAssemblies (60ms)
			RebuildTransferFunctionScriptingTraits (0ms)
			SetupTypeCache (205ms)
			ReleaseScriptCaches (1ms)
			RebuildScriptCaches (42ms)
			SetupLoadedEditorAssemblies (275ms)
				LogAssemblyErrors (0ms)
				InitializePlatformSupportModulesInManaged (5ms)
				SetLoadedEditorAssemblies (0ms)
				RefreshPlugins (1ms)
				BeforeProcessingInitializeOnLoad (68ms)
				ProcessInitializeOnLoadAttributes (177ms)
				ProcessInitializeOnLoadMethodAttributes (18ms)
				AfterProcessingInitializeOnLoad (6ms)
				EditorAssembliesLoaded (0ms)
			ExecutionOrderSort2 (0ms)
			AwakeInstancesAfterBackupRestoration (4ms)
Platform modules already initialized, skipping
========================================================================
Worker process is ready to serve import requests
Launched and connected shader compiler UnityShaderCompiler.exe after 0.02 seconds
Refreshing native plugins compatible for Editor in 0.51 ms, found 3 plugins.
Preloading 0 native plugins for Editor in 0.00 ms.
Unloading 3378 Unused Serialized files (Serialized files now loaded: 0)
Unloading 27 unused Assets / (113.5 KB). Loaded Objects now: 3835.
Memory consumption went from 118.1 MB to 118.0 MB.
Total: 2.508300 ms (FindLiveObjects: 0.251300 ms CreateObjectMapping: 0.205600 ms MarkObjects: 1.974700 ms  DeleteObjects: 0.076100 ms)

AssetImportParameters requested are different than current active one (requested -> active):
  custom:video-decoder-ogg-theora: a1e56fd34408186e4bbccfd4996cb3dc -> 
  custom:container-muxer-webm: aa71ff27fc2769a1b78a27578f13a17b -> 
  custom:container-demuxer-webm: 4f35f7cbe854078d1ac9338744f61a02 -> 
  custom:video-encoder-webm-vp8: eb34c28f22e8b96e1ab97ce403110664 -> 
  custom:audio-encoder-webm-vorbis: bf7c407c2cedff20999df2af8eb42d56 -> 
  custom:framework-win-MediaFoundation: 216162199b28c13a410421893ffa2e32 -> 
  custom:container-demuxer-ogg: 62fdf1f143b41e24485cea50d1cbac27 -> 
  custom:video-decoder-webm-vp8: 9c59270c3fd7afecdb556c50c9e8de78 -> 
  custom:audio-decoder-ogg-vorbis: bf7c407c2cedff20999df2af8eb42d56 -> 
========================================================================
Received Import Request.
  Time since last request: 3378.845120 seconds.
  path: Assets/FreeDungeon/Materials
  artifactKey: Guid(b8197f8543d75b944a1b14e417a9dee6) Importer(815301076,1909f56bfc062723c751e8b465ee728b)
Start importing Assets/FreeDungeon/Materials using Guid(b8197f8543d75b944a1b14e417a9dee6) Importer(815301076,1909f56bfc062723c751e8b465ee728b)  -> (artifact id: 'd4c776b164321d28f492c78f22628d43') in 0.011874 seconds 
========================================================================
Received Import Request.
  Time since last request: 0.073709 seconds.
  path: Assets/FreeDungeon/Materials/dungeonMaterial 1.mat
  artifactKey: Guid(fee8077d3e2ea214f99963852f307100) Importer(815301076,1909f56bfc062723c751e8b465ee728b)
Start importing Assets/FreeDungeon/Materials/dungeonMaterial 1.mat using Guid(fee8077d3e2ea214f99963852f307100) Importer(815301076,1909f56bfc062723c751e8b465ee728b)  -> (artifact id: 'f8a2dc1de506a66a08b752870aadf3a2') in 0.096456 seconds 
========================================================================
Received Import Request.
  Time since last request: 10.888079 seconds.
  path: Assets/FreeDungeon/Models/freeDungeon.fbx
  artifactKey: Guid(a337bdcf778631a498644d4fcca86400) Importer(815301076,1909f56bfc062723c751e8b465ee728b)
Start importing Assets/FreeDungeon/Models/freeDungeon.fbx using Guid(a337bdcf778631a498644d4fcca86400) Importer(815301076,1909f56bfc062723c751e8b465ee728b)  -> (artifact id: 'f251060b91e9dad1215cecf2cea848eb') in 0.121405 seconds 
========================================================================
Received Import Request.
  Time since last request: 21.994993 seconds.
  path: Assets/Maze Node.prefab
  artifactKey: Guid(79db2ecbe52332b4c9aea55c15219f4e) Importer(815301076,1909f56bfc062723c751e8b465ee728b)
Start importing Assets/Maze Node.prefab using Guid(79db2ecbe52332b4c9aea55c15219f4e) Importer(815301076,1909f56bfc062723c751e8b465ee728b)  -> (artifact id: '91bcff210fb3442d389c49c6e444664f') in 0.013829 seconds 
========================================================================
Received Import Request.
  Time since last request: 13.624113 seconds.
  path: Assets/FreeDungeon/Textures/dungeonTexture.png
  artifactKey: Guid(2eae380099ec3d14ea5cb8abc0a33c48) Importer(815301076,1909f56bfc062723c751e8b465ee728b)
Start importing Assets/FreeDungeon/Textures/dungeonTexture.png using Guid(2eae380099ec3d14ea5cb8abc0a33c48) Importer(815301076,1909f56bfc062723c751e8b465ee728b)  -> (artifact id: 'f1de37f229ed4f250a6607284f15db27') in 0.019468 seconds 
========================================================================
Received Import Request.
  Time since last request: 0.000015 seconds.
  path: Assets/FreeDungeon/Textures/dungeonTexture4.png
  artifactKey: Guid(f5c87045a0bfb72488348a49ea599c49) Importer(815301076,1909f56bfc062723c751e8b465ee728b)
Start importing Assets/FreeDungeon/Textures/dungeonTexture4.png using Guid(f5c87045a0bfb72488348a49ea599c49) Importer(815301076,1909f56bfc062723c751e8b465ee728b)  -> (artifact id: '1a781ab0da2620e742b3f5eb5b069540') in 0.013232 seconds 
========================================================================
Received Prepare
Registering precompiled user dll's ...
Registered in 0.003981 seconds.
Begin MonoManager ReloadAssembly
Symbol file LoadedFromMemory doesn't match image C:\Users\Bailey\Documents\GitHub\maze_game\maze_game\Library\PackageCache\com.unity.visualscripting@1.7.8\Editor\VisualScripting.Core\Dependencies\YamlDotNet\Unity.VisualScripting.YamlDotNet.dll
Symbol file LoadedFromMemory doesn't match image C:\Users\Bailey\Documents\GitHub\maze_game\maze_game\Library\PackageCache\com.unity.visualscripting@1.7.8\Editor\VisualScripting.Core\Dependencies\DotNetZip\Unity.VisualScripting.IonicZip.dll
Native extension for WindowsStandalone target not found
Native extension for WebGL target not found
Refreshing native plugins compatible for Editor in 0.56 ms, found 3 plugins.
Preloading 0 native plugins for Editor in 0.00 ms.
Mono: successfully reloaded assembly
- Completed reload, in  0.798 seconds
Domain Reload Profiling:
	ReloadAssembly (799ms)
		BeginReloadAssembly (103ms)
			ExecutionOrderSort (0ms)
			DisableScriptedObjects (4ms)
			BackupInstance (0ms)
			ReleaseScriptingObjects (0ms)
			CreateAndSetChildDomain (27ms)
		EndReloadAssembly (619ms)
			LoadAssemblies (62ms)
			RebuildTransferFunctionScriptingTraits (0ms)
			SetupTypeCache (223ms)
			ReleaseScriptCaches (1ms)
			RebuildScriptCaches (37ms)
			SetupLoadedEditorAssemblies (260ms)
				LogAssemblyErrors (0ms)
				InitializePlatformSupportModulesInManaged (11ms)
				SetLoadedEditorAssemblies (0ms)
				RefreshPlugins (1ms)
				BeforeProcessingInitializeOnLoad (58ms)
				ProcessInitializeOnLoadAttributes (165ms)
				ProcessInitializeOnLoadMethodAttributes (18ms)
				AfterProcessingInitializeOnLoad (6ms)
				EditorAssembliesLoaded (0ms)
			ExecutionOrderSort2 (0ms)
			AwakeInstancesAfterBackupRestoration (5ms)
Platform modules already initialized, skipping
Refreshing native plugins compatible for Editor in 1.59 ms, found 3 plugins.
Preloading 0 native plugins for Editor in 0.00 ms.
Unloading 3360 Unused Serialized files (Serialized files now loaded: 0)
Unloading 20 unused Assets / (80.4 KB). Loaded Objects now: 3886.
Memory consumption went from 121.5 MB to 121.4 MB.
Total: 2.453200 ms (FindLiveObjects: 0.260700 ms CreateObjectMapping: 0.168000 ms MarkObjects: 1.958500 ms  DeleteObjects: 0.065300 ms)

AssetImportParameters requested are different than current active one (requested -> active):
  custom:video-decoder-ogg-theora: a1e56fd34408186e4bbccfd4996cb3dc -> 
  custom:container-muxer-webm: aa71ff27fc2769a1b78a27578f13a17b -> 
  custom:container-demuxer-webm: 4f35f7cbe854078d1ac9338744f61a02 -> 
  custom:video-encoder-webm-vp8: eb34c28f22e8b96e1ab97ce403110664 -> 
  custom:audio-encoder-webm-vorbis: bf7c407c2cedff20999df2af8eb42d56 -> 
  custom:framework-win-MediaFoundation: 216162199b28c13a410421893ffa2e32 -> 
  custom:container-demuxer-ogg: 62fdf1f143b41e24485cea50d1cbac27 -> 
  custom:video-decoder-webm-vp8: 9c59270c3fd7afecdb556c50c9e8de78 -> 
  custom:audio-decoder-ogg-vorbis: bf7c407c2cedff20999df2af8eb42d56 -> 
========================================================================
Received Import Request.
  Time since last request: 208.845356 seconds.
  path: Assets/Hand Painted Stone Texture/Texture/Materials
  artifactKey: Guid(4614d22b9bfc24f44b7e9967140c215b) Importer(815301076,1909f56bfc062723c751e8b465ee728b)
Start importing Assets/Hand Painted Stone Texture/Texture/Materials using Guid(4614d22b9bfc24f44b7e9967140c215b) Importer(815301076,1909f56bfc062723c751e8b465ee728b)  -> (artifact id: 'c9705aa7a70abe83a5ec7d2f5c5b3da5') in 0.005728 seconds 
========================================================================
Received Import Request.
  Time since last request: 0.049652 seconds.
  path: Assets/Hand Painted Stone Texture/Texture/Materials/Stone_Base_Color.mat
  artifactKey: Guid(840debb5fc7a0134fac4e272e14ffb36) Importer(815301076,1909f56bfc062723c751e8b465ee728b)
Start importing Assets/Hand Painted Stone Texture/Texture/Materials/Stone_Base_Color.mat using Guid(840debb5fc7a0134fac4e272e14ffb36) Importer(815301076,1909f56bfc062723c751e8b465ee728b)  -> (artifact id: '6b1ffc82d20178ffae2f6023505938d5') in 0.058052 seconds 
========================================================================
Received Import Request.
  Time since last request: 196.288711 seconds.
  path: Assets/ADG_Textures/Demo
  artifactKey: Guid(9c09176f032ecf146a1803fdfbeb1c2f) Importer(815301076,1909f56bfc062723c751e8b465ee728b)
Start importing Assets/ADG_Textures/Demo using Guid(9c09176f032ecf146a1803fdfbeb1c2f) Importer(815301076,1909f56bfc062723c751e8b465ee728b)  -> (artifact id: '338fc2ea7a0d54d46a287061cfdc9677') in 0.008357 seconds 
========================================================================
Received Import Request.
  Time since last request: 3.878725 seconds.
  path: Assets/ADG_Textures/ground_vol1/ground1
  artifactKey: Guid(65ed503bf49a7e64a80452a542b64e1a) Importer(815301076,1909f56bfc062723c751e8b465ee728b)
Start importing Assets/ADG_Textures/ground_vol1/ground1 using Guid(65ed503bf49a7e64a80452a542b64e1a) Importer(815301076,1909f56bfc062723c751e8b465ee728b)  -> (artifact id: '59629c0706021362eb9e97b7944dc97f') in 0.007288 seconds 
========================================================================
Received Import Request.
  Time since last request: 0.092183 seconds.
  path: Assets/ADG_Textures/ground_vol1/ground1/ground1.mat
  artifactKey: Guid(2ad85dfe2430c9944a67aabf28740c2d) Importer(815301076,1909f56bfc062723c751e8b465ee728b)
Start importing Assets/ADG_Textures/ground_vol1/ground1/ground1.mat using Guid(2ad85dfe2430c9944a67aabf28740c2d) Importer(815301076,1909f56bfc062723c751e8b465ee728b)  -> (artifact id: '5ec050be8c9a58e55aea73ab66a1054e') in 0.213352 seconds 
========================================================================
Received Import Request.
  Time since last request: 3.408380 seconds.
  path: Assets/ADG_Textures/ground_vol1/ground2
  artifactKey: Guid(568f9eb5b58991e4f8d06973df6e539a) Importer(815301076,1909f56bfc062723c751e8b465ee728b)
Start importing Assets/ADG_Textures/ground_vol1/ground2 using Guid(568f9eb5b58991e4f8d06973df6e539a) Importer(815301076,1909f56bfc062723c751e8b465ee728b)  -> (artifact id: '2d0ed4f0ef24cdd64b998bbe064f82d2') in 0.006997 seconds 
========================================================================
Received Import Request.
  Time since last request: 0.046581 seconds.
  path: Assets/ADG_Textures/ground_vol1/ground2/ground2.mat
  artifactKey: Guid(88d4b65b6d484a1459f780db4b3edd0d) Importer(815301076,1909f56bfc062723c751e8b465ee728b)
Start importing Assets/ADG_Textures/ground_vol1/ground2/ground2.mat using Guid(88d4b65b6d484a1459f780db4b3edd0d) Importer(815301076,1909f56bfc062723c751e8b465ee728b)  -> (artifact id: 'e6d69c560f8d2ac037d375b0025d4c85') in 0.011180 seconds 
========================================================================
Received Import Request.
  Time since last request: 0.000017 seconds.
  path: Assets/ADG_Textures/ground_vol1/ground2/ground2_Metallic.tga
  artifactKey: Guid(05ec23c4c1d2ad54eaebfd0bf25af051) Importer(815301076,1909f56bfc062723c751e8b465ee728b)
Start importing Assets/ADG_Textures/ground_vol1/ground2/ground2_Metallic.tga using Guid(05ec23c4c1d2ad54eaebfd0bf25af051) Importer(815301076,1909f56bfc062723c751e8b465ee728b)  -> (artifact id: '2e561e6685bcf98e935941290617b9fb') in 0.013667 seconds 
========================================================================
Received Import Request.
  Time since last request: 2.199743 seconds.
  path: Assets/ADG_Textures/ground_vol1/ground3
  artifactKey: Guid(b22288eee5508544f802000ed94bcf19) Importer(815301076,1909f56bfc062723c751e8b465ee728b)
Start importing Assets/ADG_Textures/ground_vol1/ground3 using Guid(b22288eee5508544f802000ed94bcf19) Importer(815301076,1909f56bfc062723c751e8b465ee728b)  -> (artifact id: '550b9f348dbb3f46167190b0304a4e79') in 0.006985 seconds 
========================================================================
Received Import Request.
  Time since last request: 0.101966 seconds.
  path: Assets/ADG_Textures/ground_vol1/ground3/ground3.mat
  artifactKey: Guid(594c9e2618b97d542bae8e47e544b7f1) Importer(815301076,1909f56bfc062723c751e8b465ee728b)
Start importing Assets/ADG_Textures/ground_vol1/ground3/ground3.mat using Guid(594c9e2618b97d542bae8e47e544b7f1) Importer(815301076,1909f56bfc062723c751e8b465ee728b)  -> (artifact id: '25d39f271ba3dacafba66c22783d308e') in 0.011638 seconds 
========================================================================
Received Import Request.
  Time since last request: 0.000016 seconds.
  path: Assets/ADG_Textures/ground_vol1/ground3/ground3_Normal.tga
  artifactKey: Guid(c138e91626b4607499e005102913a875) Importer(815301076,1909f56bfc062723c751e8b465ee728b)
Start importing Assets/ADG_Textures/ground_vol1/ground3/ground3_Normal.tga using Guid(c138e91626b4607499e005102913a875) Importer(815301076,1909f56bfc062723c751e8b465ee728b)  -> (artifact id: '636c1b755fcdbeed01912e0e7c682f4a') in 0.012465 seconds 
========================================================================
Received Import Request.
  Time since last request: 2.111828 seconds.
  path: Assets/ADG_Textures/ground_vol1/ground4
  artifactKey: Guid(9a31f8da348e3b346aff560d42e68aa3) Importer(815301076,1909f56bfc062723c751e8b465ee728b)
Start importing Assets/ADG_Textures/ground_vol1/ground4 using Guid(9a31f8da348e3b346aff560d42e68aa3) Importer(815301076,1909f56bfc062723c751e8b465ee728b)  -> (artifact id: '047564f417971c74884e9630b9cdf6d7') in 0.007804 seconds 
========================================================================
Received Import Request.
  Time since last request: 0.701864 seconds.
  path: Assets/ADG_Textures/ground_vol1/ground4/ground4.mat
  artifactKey: Guid(58621eb9da53bb648ab64c4982c9d407) Importer(815301076,1909f56bfc062723c751e8b465ee728b)
Start importing Assets/ADG_Textures/ground_vol1/ground4/ground4.mat using Guid(58621eb9da53bb648ab64c4982c9d407) Importer(815301076,1909f56bfc062723c751e8b465ee728b)  -> (artifact id: 'd1e6e5667de88cebf407e8014426ff41') in 0.017967 seconds 
========================================================================
Received Import Request.
  Time since last request: 0.000018 seconds.
  path: Assets/ADG_Textures/ground_vol1/ground4/ground4_Metallic.tga
  artifactKey: Guid(fb1c850a227a62544b63c6626cfa8ba8) Importer(815301076,1909f56bfc062723c751e8b465ee728b)
Start importing Assets/ADG_Textures/ground_vol1/ground4/ground4_Metallic.tga using Guid(fb1c850a227a62544b63c6626cfa8ba8) Importer(815301076,1909f56bfc062723c751e8b465ee728b)  -> (artifact id: '43d3b51c175f314c4c64d06646295792') in 0.011815 seconds 
========================================================================
Received Prepare
Registering precompiled user dll's ...
Registered in 0.004120 seconds.
Begin MonoManager ReloadAssembly
Symbol file LoadedFromMemory doesn't match image C:\Users\Bailey\Documents\GitHub\maze_game\maze_game\Library\PackageCache\com.unity.visualscripting@1.7.8\Editor\VisualScripting.Core\Dependencies\YamlDotNet\Unity.VisualScripting.YamlDotNet.dll
Symbol file LoadedFromMemory doesn't match image C:\Users\Bailey\Documents\GitHub\maze_game\maze_game\Library\PackageCache\com.unity.visualscripting@1.7.8\Editor\VisualScripting.Core\Dependencies\DotNetZip\Unity.VisualScripting.IonicZip.dll
Native extension for WindowsStandalone target not found
Native extension for WebGL target not found
Refreshing native plugins compatible for Editor in 0.61 ms, found 3 plugins.
Preloading 0 native plugins for Editor in 0.00 ms.
Mono: successfully reloaded assembly
- Completed reload, in  0.816 seconds
Domain Reload Profiling:
	ReloadAssembly (817ms)
		BeginReloadAssembly (110ms)
			ExecutionOrderSort (0ms)
			DisableScriptedObjects (3ms)
			BackupInstance (0ms)
			ReleaseScriptingObjects (0ms)
			CreateAndSetChildDomain (29ms)
		EndReloadAssembly (631ms)
			LoadAssemblies (72ms)
			RebuildTransferFunctionScriptingTraits (0ms)
			SetupTypeCache (226ms)
			ReleaseScriptCaches (1ms)
			RebuildScriptCaches (33ms)
			SetupLoadedEditorAssemblies (270ms)
				LogAssemblyErrors (0ms)
				InitializePlatformSupportModulesInManaged (11ms)
				SetLoadedEditorAssemblies (0ms)
				RefreshPlugins (1ms)
				BeforeProcessingInitializeOnLoad (55ms)
				ProcessInitializeOnLoadAttributes (174ms)
				ProcessInitializeOnLoadMethodAttributes (23ms)
				AfterProcessingInitializeOnLoad (7ms)
				EditorAssembliesLoaded (0ms)
			ExecutionOrderSort2 (0ms)
			AwakeInstancesAfterBackupRestoration (5ms)
Platform modules already initialized, skipping
Refreshing native plugins compatible for Editor in 1.54 ms, found 3 plugins.
Preloading 0 native plugins for Editor in 0.00 ms.
Unloading 3360 Unused Serialized files (Serialized files now loaded: 0)
Unloading 20 unused Assets / (80.5 KB). Loaded Objects now: 3891.
Memory consumption went from 121.6 MB to 121.5 MB.
Total: 2.746900 ms (FindLiveObjects: 0.259700 ms CreateObjectMapping: 0.220500 ms MarkObjects: 2.192500 ms  DeleteObjects: 0.073300 ms)

AssetImportParameters requested are different than current active one (requested -> active):
  custom:video-decoder-ogg-theora: a1e56fd34408186e4bbccfd4996cb3dc -> 
  custom:container-muxer-webm: aa71ff27fc2769a1b78a27578f13a17b -> 
  custom:container-demuxer-webm: 4f35f7cbe854078d1ac9338744f61a02 -> 
  custom:video-encoder-webm-vp8: eb34c28f22e8b96e1ab97ce403110664 -> 
  custom:audio-encoder-webm-vorbis: bf7c407c2cedff20999df2af8eb42d56 -> 
  custom:framework-win-MediaFoundation: 216162199b28c13a410421893ffa2e32 -> 
  custom:container-demuxer-ogg: 62fdf1f143b41e24485cea50d1cbac27 -> 
  custom:video-decoder-webm-vp8: 9c59270c3fd7afecdb556c50c9e8de78 -> 
  custom:audio-decoder-ogg-vorbis: bf7c407c2cedff20999df2af8eb42d56 -> 
========================================================================
Received Import Request.
  Time since last request: 39.151049 seconds.
  path: Assets/Hand Painted Stone Texture/Texture/Materials/Stone_Height.mat
  artifactKey: Guid(a8b2b78eabe7be6469dd4026bbd4f502) Importer(815301076,1909f56bfc062723c751e8b465ee728b)
Start importing Assets/Hand Painted Stone Texture/Texture/Materials/Stone_Height.mat using Guid(a8b2b78eabe7be6469dd4026bbd4f502) Importer(815301076,1909f56bfc062723c751e8b465ee728b)  -> (artifact id: '0d88a3d3aa9500cc633a36a350f636a5') in 0.061189 seconds 
========================================================================
Received Prepare
Registering precompiled user dll's ...
Registered in 0.003946 seconds.
Begin MonoManager ReloadAssembly
Symbol file LoadedFromMemory doesn't match image C:\Users\Bailey\Documents\GitHub\maze_game\maze_game\Library\PackageCache\com.unity.visualscripting@1.7.8\Editor\VisualScripting.Core\Dependencies\YamlDotNet\Unity.VisualScripting.YamlDotNet.dll
Symbol file LoadedFromMemory doesn't match image C:\Users\Bailey\Documents\GitHub\maze_game\maze_game\Library\PackageCache\com.unity.visualscripting@1.7.8\Editor\VisualScripting.Core\Dependencies\DotNetZip\Unity.VisualScripting.IonicZip.dll
Native extension for WindowsStandalone target not found
Native extension for WebGL target not found
Refreshing native plugins compatible for Editor in 0.55 ms, found 3 plugins.
Preloading 0 native plugins for Editor in 0.00 ms.
Mono: successfully reloaded assembly
- Completed reload, in  0.809 seconds
Domain Reload Profiling:
	ReloadAssembly (810ms)
		BeginReloadAssembly (107ms)
			ExecutionOrderSort (0ms)
			DisableScriptedObjects (3ms)
			BackupInstance (0ms)
			ReleaseScriptingObjects (0ms)
			CreateAndSetChildDomain (28ms)
		EndReloadAssembly (626ms)
			LoadAssemblies (68ms)
			RebuildTransferFunctionScriptingTraits (0ms)
			SetupTypeCache (224ms)
			ReleaseScriptCaches (1ms)
			RebuildScriptCaches (36ms)
			SetupLoadedEditorAssemblies (261ms)
				LogAssemblyErrors (0ms)
				InitializePlatformSupportModulesInManaged (11ms)
				SetLoadedEditorAssemblies (0ms)
				RefreshPlugins (1ms)
				BeforeProcessingInitializeOnLoad (55ms)
				ProcessInitializeOnLoadAttributes (167ms)
				ProcessInitializeOnLoadMethodAttributes (21ms)
				AfterProcessingInitializeOnLoad (6ms)
				EditorAssembliesLoaded (0ms)
			ExecutionOrderSort2 (0ms)
			AwakeInstancesAfterBackupRestoration (5ms)
Platform modules already initialized, skipping
Refreshing native plugins compatible for Editor in 1.58 ms, found 3 plugins.
Preloading 0 native plugins for Editor in 0.00 ms.
Unloading 3360 Unused Serialized files (Serialized files now loaded: 0)
Unloading 20 unused Assets / (80.4 KB). Loaded Objects now: 3894.
Memory consumption went from 121.5 MB to 121.5 MB.
Total: 2.663700 ms (FindLiveObjects: 0.379300 ms CreateObjectMapping: 0.197000 ms MarkObjects: 2.014200 ms  DeleteObjects: 0.072800 ms)

AssetImportParameters requested are different than current active one (requested -> active):
  custom:video-decoder-ogg-theora: a1e56fd34408186e4bbccfd4996cb3dc -> 
  custom:container-muxer-webm: aa71ff27fc2769a1b78a27578f13a17b -> 
  custom:container-demuxer-webm: 4f35f7cbe854078d1ac9338744f61a02 -> 
  custom:video-encoder-webm-vp8: eb34c28f22e8b96e1ab97ce403110664 -> 
  custom:audio-encoder-webm-vorbis: bf7c407c2cedff20999df2af8eb42d56 -> 
  custom:framework-win-MediaFoundation: 216162199b28c13a410421893ffa2e32 -> 
  custom:container-demuxer-ogg: 62fdf1f143b41e24485cea50d1cbac27 -> 
  custom:video-decoder-webm-vp8: 9c59270c3fd7afecdb556c50c9e8de78 -> 
  custom:audio-decoder-ogg-vorbis: bf7c407c2cedff20999df2af8eb42d56 -> 
